<?xml version="1.0" encoding="UTF-8"?>
<testng-results skipped="0" failed="0" total="1" passed="1">
  <reporter-output>
  </reporter-output>
  <suite name="Regression" duration-ms="14709" started-at="2021-10-24T16:09:10Z" finished-at="2021-10-24T16:09:25Z">
    <groups>
      <group name="cucumber scenarios">
        <method signature="WebTestRunner.scenario(io.cucumber.testng.PickleWrapper, io.cucumber.testng.FeatureWrapper)[pri:0, instance:co.za.testing.runner.WebTestRunner@5427c60c]" name="scenario" class="co.za.testing.runner.WebTestRunner"/>
      </group> <!-- cucumber scenarios -->
    </groups>
    <test name="Regression" duration-ms="14709" started-at="2021-10-24T16:09:10Z" finished-at="2021-10-24T16:09:25Z">
      <class name="co.za.testing.runner.WebTestRunner">
        <test-method status="PASS" signature="setTestNGProperties(java.lang.String, java.lang.String)[pri:0, instance:co.za.testing.runner.WebTestRunner@5427c60c]" name="setTestNGProperties" is-config="true" duration-ms="12" started-at="2021-10-24T19:09:10Z" finished-at="2021-10-24T19:09:10Z">
          <params>
            <param index="0">
              <value>
                <![CDATA[83.0.4103.61]]>
              </value>
            </param>
            <param index="1">
              <value>
                <![CDATA[chrome]]>
              </value>
            </param>
          </params>
          <reporter-output>
          </reporter-output>
        </test-method> <!-- setTestNGProperties -->
        <test-method status="PASS" signature="setUpClass()[pri:0, instance:co.za.testing.runner.WebTestRunner@5427c60c]" name="setUpClass" is-config="true" duration-ms="582" started-at="2021-10-24T19:09:10Z" finished-at="2021-10-24T19:09:10Z">
          <reporter-output>
          </reporter-output>
        </test-method> <!-- setUpClass -->
        <test-method status="PASS" signature="scenario(io.cucumber.testng.PickleWrapper, io.cucumber.testng.FeatureWrapper)[pri:0, instance:co.za.testing.runner.WebTestRunner@5427c60c]" name="scenario" duration-ms="13982" started-at="2021-10-24T19:09:10Z" description="Runs Cucumber Scenarios" data-provider="scenarios" finished-at="2021-10-24T19:09:24Z">
          <params>
            <param index="0">
              <value>
                <![CDATA["User wants to shop"]]>
              </value>
            </param>
            <param index="1">
              <value>
                <![CDATA["Optional[Shopping]"]]>
              </value>
            </param>
          </params>
          <reporter-output>
          </reporter-output>
        </test-method> <!-- scenario -->
        <test-method status="PASS" signature="tearDownClass()[pri:0, instance:co.za.testing.runner.WebTestRunner@5427c60c]" name="tearDownClass" is-config="true" duration-ms="118" started-at="2021-10-24T19:09:24Z" finished-at="2021-10-24T19:09:25Z">
          <reporter-output>
          </reporter-output>
        </test-method> <!-- tearDownClass -->
        <test-method status="PASS" signature="tearCreateReport()[pri:0, instance:co.za.testing.runner.WebTestRunner@5427c60c]" name="tearCreateReport" is-config="true" duration-ms="1257" started-at="2021-10-24T19:09:25Z" finished-at="2021-10-24T19:09:26Z">
          <reporter-output>
          </reporter-output>
        </test-method> <!-- tearCreateReport -->
      </class> <!-- co.za.testing.runner.WebTestRunner -->
    </test> <!-- Regression -->
  </suite> <!-- Regression -->
</testng-results>
